TN:
SF:src/api.ts
FN:14,buildHeaders
FN:22,requestJson
FN:55,login
FN:62,logout
FN:69,me
FN:73,createProduct
FN:82,listInventories
FN:88,inbound
FN:97,outbound
FN:106,listMovements
FNF:10
FNH:10
FNDA:10,buildHeaders
FNDA:10,requestJson
FNDA:1,login
FNDA:1,logout
FNDA:2,me
FNDA:1,createProduct
FNDA:1,listInventories
FNDA:1,inbound
FNDA:1,outbound
FNDA:2,listMovements
DA:12,1
DA:15,10
DA:16,10
DA:17,5
DA:19,10
DA:26,10
DA:32,10
DA:33,2
DA:35,2
DA:36,2
DA:37,2
DA:39,1
DA:42,2
DA:43,1
DA:44,1
DA:45,1
DA:46,1
DA:49,1
DA:52,8
DA:56,1
DA:63,1
DA:70,2
DA:76,1
DA:83,1
DA:91,1
DA:100,1
DA:110,2
DA:112,2
DA:113,2
DA:114,1
DA:117,2
DA:118,2
LF:32
LH:32
BRDA:16,0,0,5
BRDA:16,0,1,5
BRDA:16,1,0,10
BRDA:16,1,1,5
BRDA:32,2,0,2
BRDA:32,2,1,8
BRDA:42,3,0,1
BRDA:42,3,1,1
BRDA:42,4,0,2
BRDA:42,4,1,2
BRDA:42,4,2,1
BRDA:44,5,0,1
BRDA:44,5,1,0
BRDA:45,6,0,1
BRDA:45,6,1,0
BRDA:112,7,0,1
BRDA:112,7,1,1
BRDA:113,8,0,1
BRDA:113,8,1,1
BRDA:113,9,0,2
BRDA:113,9,1,1
BRDA:117,10,0,1
BRDA:117,10,1,1
BRF:23
BRH:21
end_of_record
